MongoDB URI: mongodb+srv://admin:lim1234!!@goodmeeting.vkniz.mongodb.net/
(node:182036) [MONGODB DRIVER] Warning: useNewUrlParser is a deprecated option: useNewUrlParser has no effect since Node.js Driver version 4.0.0 and will be removed in the next major version
(Use `node --trace-warnings ...` to show where the warning was created)
(node:182036) [MONGODB DRIVER] Warning: useUnifiedTopology is a deprecated option: useUnifiedTopology has no effect since Node.js Driver version 4.0.0 and will be removed in the next major version
✅ MongoDB 연결 성공
Rdb데이터베이스 연결 성공.
모든 모델이 성공적으로 동기화되었습니다.
Server is running on 8080
[0mGET /api/session/info [33m401[0m 8.594 ms - 76[0m
[0mGET /api/auth/login [36m302[0m 3.050 ms - 0[0m
[0mGET /api/auth/google/callback?code=4%2F0AeanS0ao8f60iPWO2lFPG-75VwKyiSOn5kXy7WYogowBYIKp-Rqv0m-ctgybXxfZXLTMFA&scope=email+profile+openid+https%3A%2F%2Fwww.googleapis.com%2Fauth%2Fuserinfo.email+https%3A%2F%2Fwww.googleapis.com%2Fauth%2Fuserinfo.profile&authuser=1&hd=ajou.ac.kr&prompt=none [36m302[0m 532.811 ms - 48[0m
[0mGET /api/session/info [32m200[0m 7.414 ms - 60[0m
[0mGET /api/session/info [32m200[0m 4.780 ms - 60[0m
[0mGET /api/schedule/all [36m304[0m 19.397 ms - -[0m
Performance Measurement - getAllSchedules: 5.005846977233887ms
[0mGET /api/schedule/289 [36m304[0m 16.458 ms - -[0m
Performance Measurement - getScheduleByTimeIdx: 11.750297963619232ms
[0mGET /api/schedule/193 [36m304[0m 7.581 ms - -[0m
Performance Measurement - getScheduleByTimeIdx: 3.6492010354995728ms
[0mGET /api/schedule/193 [36m304[0m 7.722 ms - -[0m
Performance Measurement - getScheduleByTimeIdx: 3.8008620142936707ms
[0mGET /api/schedule/193 [36m304[0m 9.777 ms - -[0m
Performance Measurement - getScheduleByTimeIdx: 4.146169006824493ms
[0mGET /api/schedule/192 [32m200[0m 8.365 ms - 26[0m
Performance Measurement - getScheduleByTimeIdx: 4.420195996761322ms
[0mGET /api/schedule/7 [32m200[0m 7.684 ms - 26[0m
Performance Measurement - getScheduleByTimeIdx: 3.8003939986228943ms
[0mGET /api/schedule/103 [36m304[0m 8.917 ms - -[0m
Performance Measurement - getScheduleByTimeIdx: 3.626570999622345ms
[0mGET /api/schedule/4 [32m200[0m 7.304 ms - 26[0m
Performance Measurement - getScheduleByTimeIdx: 3.7574750185012817ms
[0mGET /api/schedule/102 [36m304[0m 9.324 ms - -[0m
Performance Measurement - getScheduleByTimeIdx: 4.2991169691085815ms
[0mGET /api/schedule/199 [32m200[0m 7.638 ms - 26[0m
Performance Measurement - getScheduleByTimeIdx: 3.934753954410553ms
[0mGET /api/schedule/196 [32m200[0m 7.331 ms - 26[0m
Performance Measurement - getScheduleByTimeIdx: 3.7636460065841675ms
[0mGET /api/schedule/99 [36m304[0m 8.753 ms - -[0m
Performance Measurement - getScheduleByTimeIdx: 3.7125409841537476ms
[0mGET /api/schedule/99 [36m304[0m 6.852 ms - -[0m
Performance Measurement - getScheduleByTimeIdx: 3.625138998031616ms
[0mGET /api/schedule/105 [32m200[0m 7.316 ms - 26[0m
Performance Measurement - getScheduleByTimeIdx: 3.6936269998550415ms
[0mGET /api/schedule/2 [32m200[0m 9.041 ms - 26[0m
Performance Measurement - getScheduleByTimeIdx: 3.845887005329132ms
[0mGET /api/schedule/1 [32m200[0m 7.427 ms - 26[0m
Performance Measurement - getScheduleByTimeIdx: 3.8853600025177ms
[0mGET /api/schedule/1 [36m304[0m 7.564 ms - -[0m
Performance Measurement - getScheduleByTimeIdx: 4.00413304567337ms
[0mGET /api/session/info [32m200[0m 4.063 ms - 60[0m
[0mGET /api/schedule/all [36m304[0m 6.780 ms - -[0m
Performance Measurement - getAllSchedules: 2.9270060062408447ms
[0mGET /api/session/info [32m200[0m 4.080 ms - 60[0m
[0mGET /api/session/info [32m200[0m 14.763 ms - 60[0m
[0mGET /api/session/info [32m200[0m 4.001 ms - 60[0m
[0mGET /api/session/info [32m200[0m 49.452 ms - 60[0m
[0mGET /api/session/info [32m200[0m 16.079 ms - 60[0m
[0mGET /api/schedule/all [36m304[0m 51.136 ms - -[0m
Performance Measurement - getAllSchedules: 3.047551989555359ms
[0mGET / [33m404[0m 2.482 ms - 139[0m
[0mGET /favicon.ico [33m404[0m 1.030 ms - 150[0m
[0mGET http://api.ipify.org/?format=json [33m404[0m 2.130 ms - 139[0m
[0mGET /geoserver/web/ [33m404[0m 0.934 ms - 153[0m
[0mGET /api/session/info [33m401[0m 1.080 ms - 76[0m
[0mGET /api/session/info [33m401[0m 0.698 ms - 76[0m
[0mGET /api/session/info [33m401[0m 0.921 ms - 76[0m
[0mGET /api/session/info [33m401[0m 0.587 ms - 76[0m
[0mOPTIONS /api/schedule/all [32m204[0m 0.404 ms - 0[0m
[0mOPTIONS /api/schedule/all [32m204[0m 0.138 ms - 0[0m
[0mGET / [33m404[0m 1.220 ms - 139[0m
[0mGET /api/session/info [33m401[0m 0.925 ms - 76[0m
[0mGET /api/session/info [33m401[0m 0.677 ms - 76[0m
[0mGET /api/session/info [33m401[0m 0.849 ms - 76[0m
[0mGET /api/session/info [33m401[0m 0.638 ms - 76[0m
[0mGET /api/session/info [33m401[0m 0.855 ms - 76[0m
[0mGET /api/session/info [33m401[0m 0.648 ms - 76[0m
[0mGET /api/session/info [33m401[0m 0.968 ms - 76[0m
[0mGET /api/session/info [33m401[0m 0.655 ms - 76[0m
[0mGET /api/session/info [33m401[0m 0.887 ms - 76[0m
[0mGET /api/session/info [33m401[0m 0.656 ms - 76[0m
[0mGET /api/session/info [33m401[0m 0.819 ms - 76[0m
[0mGET /api/session/info [33m401[0m 1.715 ms - 76[0m
[0mGET /api/session/info [33m401[0m 0.859 ms - 76[0m
[0mGET /api/session/info [33m401[0m 0.650 ms - 76[0m
[0mGET /api/session/info [33m401[0m 0.920 ms - 76[0m
[0mGET /api/session/info [33m401[0m 0.627 ms - 76[0m
[0mGET /api/session/info [33m401[0m 0.831 ms - 76[0m
[0mGET /api/session/info [33m401[0m 0.645 ms - 76[0m
[0mGET /api/session/info [33m401[0m 0.845 ms - 76[0m
[0mGET /api/session/info [33m401[0m 0.624 ms - 76[0m
[0mGET / [33m404[0m 1.042 ms - 139[0m
[0mGET /api/session/info [33m401[0m 0.793 ms - 76[0m
[0mGET /api/session/info [33m401[0m 0.580 ms - 76[0m
[0mGET /api/session/info [33m401[0m 0.806 ms - 76[0m
[0mGET /api/session/info [33m401[0m 0.606 ms - 76[0m
[0mGET /api/session/info [33m401[0m 0.829 ms - 76[0m
[0mGET /api/session/info [33m401[0m 0.609 ms - 76[0m
[0mOPTIONS /api/schedule/all [32m204[0m 0.618 ms - 0[0m
[0mOPTIONS /api/schedule/all [32m204[0m 0.140 ms - 0[0m
[0mGET /api/schedule/all [33m401[0m 0.903 ms - 44[0m
[0mGET /api/schedule/96 [33m401[0m 0.846 ms - 44[0m
[0mGET /api/schedule/194 [33m401[0m 0.764 ms - 44[0m
[0mGET /api/schedule/194 [33m401[0m 0.868 ms - 44[0m
[0mGET /api/schedule/97 [33m401[0m 0.827 ms - 44[0m
[0mGET /api/schedule/96 [33m401[0m 0.850 ms - 44[0m
[0mOPTIONS /api/schedule/all [32m204[0m 0.234 ms - 0[0m
[0mOPTIONS /api/schedule/all [32m204[0m 0.167 ms - 0[0m
[0mOPTIONS /api/schedule/192 [32m204[0m 0.192 ms - 0[0m
[0mOPTIONS /api/schedule/192 [32m204[0m 0.188 ms - 0[0m
[0mOPTIONS /api/schedule/290 [32m204[0m 0.188 ms - 0[0m
[0mOPTIONS /api/schedule/290 [32m204[0m 0.189 ms - 0[0m
[0mOPTIONS /api/schedule/290 [32m204[0m 0.165 ms - 0[0m
[0mOPTIONS /api/schedule/all [32m204[0m 0.202 ms - 0[0m
[0mOPTIONS /api/schedule/289 [32m204[0m 0.194 ms - 0[0m
[0mOPTIONS /api/schedule/289 [32m204[0m 0.227 ms - 0[0m
[0mOPTIONS /api/schedule/289 [32m204[0m 0.162 ms - 0[0m
[0mOPTIONS /api/schedule/290 [32m204[0m 0.166 ms - 0[0m
[0mOPTIONS /api/schedule/291 [32m204[0m 0.167 ms - 0[0m
[0mOPTIONS /api/schedule/291 [32m204[0m 0.166 ms - 0[0m
[0mOPTIONS /api/schedule/290 [32m204[0m 0.160 ms - 0[0m
[0mOPTIONS /api/schedule/288 [32m204[0m 0.164 ms - 0[0m
[0mOPTIONS /api/schedule/290 [32m204[0m 0.167 ms - 0[0m
[0mOPTIONS /api/schedule/291 [32m204[0m 0.205 ms - 0[0m
[0mOPTIONS /api/schedule/291 [32m204[0m 0.188 ms - 0[0m
[0mOPTIONS /api/schedule/290 [32m204[0m 0.178 ms - 0[0m
[0mOPTIONS /api/schedule/289 [32m204[0m 0.168 ms - 0[0m
[0mOPTIONS /api/schedule/290 [32m204[0m 0.177 ms - 0[0m
[0mOPTIONS /api/schedule/289 [32m204[0m 0.166 ms - 0[0m
[0mOPTIONS /api/schedule [32m204[0m 0.189 ms - 0[0m
[0mOPTIONS /api/schedule/289 [32m204[0m 0.168 ms - 0[0m
[0mOPTIONS /api/schedule/288 [32m204[0m 0.222 ms - 0[0m
[0mOPTIONS /api/schedule/290 [32m204[0m 0.179 ms - 0[0m
[0mOPTIONS /api/schedule/292 [32m204[0m 0.160 ms - 0[0m
[0mOPTIONS /api/schedule/293 [32m204[0m 0.165 ms - 0[0m
[0mOPTIONS /api/schedule/all [32m204[0m 0.176 ms - 0[0m
[0mOPTIONS /api/schedule/36 [32m204[0m 0.178 ms - 0[0m
[0mOPTIONS /api/schedule/38 [32m204[0m 0.161 ms - 0[0m
[0mOPTIONS /api/schedule/38 [32m204[0m 0.172 ms - 0[0m
[0mOPTIONS /api/schedule/38 [32m204[0m 0.157 ms - 0[0m
[0mOPTIONS /api/schedule/38 [32m204[0m 0.191 ms - 0[0m
[0mOPTIONS /api/schedule/38 [32m204[0m 0.165 ms - 0[0m
[0mOPTIONS /api/schedule/38 [32m204[0m 0.184 ms - 0[0m
[0mOPTIONS /api/schedule/38 [32m204[0m 0.168 ms - 0[0m
[0mOPTIONS /api/schedule/38 [32m204[0m 0.217 ms - 0[0m
[0mOPTIONS /api/schedule/all [32m204[0m 0.164 ms - 0[0m
[0mOPTIONS /api/schedule/36 [32m204[0m 0.165 ms - 0[0m
[0mOPTIONS /api/schedule/37 [32m204[0m 0.160 ms - 0[0m
[0mOPTIONS /api/schedule/36 [32m204[0m 0.178 ms - 0[0m
[0mGET /api/schedule/193 [33m401[0m 1.087 ms - 44[0m
[0mGET /api/schedule/193 [33m401[0m 0.785 ms - 44[0m
[0mGET /api/schedule/195 [33m401[0m 0.850 ms - 44[0m
[0mGET /api/schedule/1 [33m401[0m 0.814 ms - 44[0m
[0mGET /api/schedule/0 [33m401[0m 0.795 ms - 44[0m
[0mGET /api/schedule/0 [33m401[0m 0.825 ms - 44[0m
[0mGET /api/schedule/96 [33m401[0m 0.854 ms - 44[0m
[0mGET /api/schedule/289 [33m401[0m 0.824 ms - 44[0m
[0mGET /api/session/info [33m401[0m 0.858 ms - 76[0m
[0mGET /api/auth/login [36m302[0m 1.424 ms - 0[0m
[0mGET /api/auth/google/callback?code=4%2F0AeanS0a4gqvuMrxTHLniakI-_oHdDI0RHY_4-82ZXsaIAKdM53z4nPcgFGUOJjD4FJwRBw&scope=email+profile+https%3A%2F%2Fwww.googleapis.com%2Fauth%2Fuserinfo.email+https%3A%2F%2Fwww.googleapis.com%2Fauth%2Fuserinfo.profile+openid&authuser=1&hd=ajou.ac.kr&prompt=none [36m302[0m 508.556 ms - 48[0m
[0mGET /api/schedule/all [36m304[0m 11.134 ms - -[0m
Performance Measurement - getAllSchedules: 5.014769017696381ms
[0mGET /api/schedule/97 [36m304[0m 10.607 ms - -[0m
Performance Measurement - getScheduleByTimeIdx: 7.154272973537445ms
[0mGET /api/schedule/101 [32m200[0m 6.849 ms - 26[0m
Performance Measurement - getScheduleByTimeIdx: 3.534310042858124ms
[0mGET /api/schedule/100 [32m200[0m 6.679 ms - 26[0m
Performance Measurement - getScheduleByTimeIdx: 3.2747740149497986ms
[0mGET /api/schedule/99 [36m304[0m 7.228 ms - -[0m
Performance Measurement - getScheduleByTimeIdx: 3.805077016353607ms
[0mGET /api/schedule/99 [36m304[0m 9.589 ms - -[0m
Performance Measurement - getScheduleByTimeIdx: 5.2810059785842896ms
[0mGET /api/schedule/99 [36m304[0m 6.405 ms - -[0m
Performance Measurement - getScheduleByTimeIdx: 3.1567789912223816ms
[0mGET /api/schedule/98 [36m304[0m 7.002 ms - -[0m
Performance Measurement - getScheduleByTimeIdx: 3.5950030088424683ms
[0mGET /api/schedule/97 [36m304[0m 6.705 ms - -[0m
Performance Measurement - getScheduleByTimeIdx: 3.2245330214500427ms
[0mGET /api/schedule/97 [36m304[0m 6.217 ms - -[0m
Performance Measurement - getScheduleByTimeIdx: 2.99965101480484ms
[0mGET /api/schedule/2 [32m200[0m 6.568 ms - 26[0m
Performance Measurement - getScheduleByTimeIdx: 3.2004200220108032ms
[0mOPTIONS /api/schedule/all [32m204[0m 0.166 ms - 0[0m
[0mOPTIONS /api/schedule [32m204[0m 0.174 ms - 0[0m
[0mOPTIONS /api/schedule [32m204[0m 0.179 ms - 0[0m
[0mOPTIONS /api/schedule [32m204[0m 0.232 ms - 0[0m
[0mOPTIONS /api/schedule/all [32m204[0m 0.164 ms - 0[0m
[0mOPTIONS /api/schedule/all [32m204[0m 0.167 ms - 0[0m
[0mGET / [33m404[0m 1.022 ms - 139[0m
[0mGET /api/session/info [33m401[0m 0.816 ms - 76[0m
[0mGET /api/session/info [33m401[0m 1.325 ms - 76[0m
[0mGET /api/session/info [33m401[0m 0.832 ms - 76[0m
[0mGET /api/session/info [33m401[0m 0.603 ms - 76[0m
[0mGET /api/session/info [33m401[0m 0.819 ms - 76[0m
[0mGET /api/session/info [33m401[0m 0.556 ms - 76[0m
[0mOPTIONS /api/schedule/all [32m204[0m 0.161 ms - 0[0m
[0mOPTIONS /api/schedule/all [32m204[0m 0.124 ms - 0[0m
[0mOPTIONS /api/schedule [32m204[0m 0.164 ms - 0[0m
[0mGET /api/session/info [33m401[0m 0.837 ms - 76[0m
[0mGET /api/session/info [33m401[0m 0.648 ms - 76[0m
[0mGET /api/session/info [33m401[0m 0.810 ms - 76[0m
[0mGET /api/auth/login [36m302[0m 1.089 ms - 0[0m
[0mGET /api/auth/google/callback?code=4%2F0AeanS0box5WHb-IhXbrmGgpDAMMr3rQ5vv45X8p-FJJM90Ts4qDwFayGUeisJmPZIsW9ew&scope=email+profile+https%3A%2F%2Fwww.googleapis.com%2Fauth%2Fuserinfo.email+https%3A%2F%2Fwww.googleapis.com%2Fauth%2Fuserinfo.profile+openid&authuser=0&hd=ajou.ac.kr&prompt=none [36m302[0m 478.464 ms - 48[0m
[0mGET /api/session/info [32m200[0m 7.699 ms - 58[0m
[0mGET /api/schedule/all [32m200[0m 6.802 ms - 40[0m
Performance Measurement - getAllSchedules: 3.283160984516144ms
[0mPOST /api/schedule [32m201[0m 33.080 ms - 194[0m
Performance Measurement - createSchedule: 19.97666096687317ms
[0mPUT /api/schedule [32m200[0m 44.680 ms - 202[0m
Performance Measurement - updateSchedules: 28.161078989505768ms
Performance Measurement - deleteSchedules: 2.5363460183143616ms
[0mDELETE /api/schedule [33m404[0m 7.058 ms - 115[0m
Performance Measurement - deleteSchedules: 0.8580690026283264ms
[0mDELETE /api/schedule [33m404[0m 5.339 ms - 115[0m
Performance Measurement - deleteSchedules: 0.5973520278930664ms
[0mDELETE /api/schedule [33m404[0m 5.281 ms - 115[0m
[0mGET /api/schedule/all [32m200[0m 38.467 ms - 205[0m
Performance Measurement - getAllSchedules: 12.194466054439545ms
[0mDELETE /api/schedule [32m200[0m 14.795 ms - 84[0m
Performance Measurement - deleteSchedules: 10.980576992034912ms
[0mGET /api/schedule/all [32m200[0m 5.511 ms - 40[0m
Performance Measurement - getAllSchedules: 2.713946044445038ms
[0mGET /api/session/info [32m200[0m 50.557 ms - 58[0m
[0mGET / [33m404[0m 1.050 ms - 139[0m
